

Microchip MPLAB XC8 Assembler V2.45 build 20230818022343 
                                                                                                           Wed Feb 21 10:51:18 2024


     1                           	processor	18F87K22
     2                           	pagewidth 132
     3                           	psect	const,global,reloc=2,class=CONST,delta=1,noexec
     4                           	psect	smallconst,global,reloc=2,class=SMALLCONST,delta=1,noexec
     5                           	psect	mediumconst,global,reloc=2,class=MEDIUMCONST,delta=1,noexec
     6                           	psect	rbss,global,class=COMRAM,space=1,delta=1,noexec
     7                           	psect	bss,global,class=RAM,space=1,delta=1,noexec
     8                           	psect	rdata,global,class=COMRAM,space=1,delta=1,noexec
     9                           	psect	irdata,global,reloc=2,class=CODE,delta=1,noexec
    10                           	psect	data,global,class=RAM,space=1,delta=1,noexec
    11                           	psect	idata,global,reloc=2,class=CODE,delta=1,noexec
    12                           	psect	nvrram,global,class=COMRAM,space=1,delta=1,noexec
    13                           	psect	nvbit,global,bit,class=COMRAM,space=1,delta=1,noexec
    14                           	psect	temp,global,ovrld,class=COMRAM,space=1,delta=1,noexec
    15                           	psect	struct,global,ovrld,class=COMRAM,space=1,delta=1,noexec
    16                           	psect	rbit,global,bit,class=COMRAM,space=1,delta=1,noexec
    17                           	psect	bigbss,global,class=BIGRAM,space=1,delta=1,noexec
    18                           	psect	bigdata,global,class=BIGRAM,space=1,delta=1,noexec
    19                           	psect	ibigdata,global,reloc=2,class=CODE,delta=1,noexec
    20                           	psect	farbss,global,reloc=2,class=FARRAM,delta=1,noexec
    21                           	psect	nvFARRAM,global,reloc=2,class=FARRAM,delta=1,noexec
    22                           	psect	fardata,global,reloc=2,class=FARRAM,delta=1,noexec
    23                           	psect	ifardata,global,reloc=2,class=CODE,delta=1,noexec
    24                           	psect	reset_vec,global,reloc=2,class=CODE,delta=1
    25                           	psect	powerup,global,reloc=2,class=CODE,delta=1
    26                           	psect	init,global,reloc=2,class=CODE,delta=1
    27                           	psect	text,global,reloc=2,class=CODE,delta=1
    28                           	psect	clrtext,global,reloc=2,class=CODE,delta=1
    29                           	psect	config,global,class=CONFIG,space=4,delta=1,noexec
    30                           	psect	idloc,global,class=IDLOC,space=5,delta=1,noexec
    31                           	psect	intcode,global,reloc=2,class=CODE,delta=1
    32                           	psect	intcode_body,global,reloc=2,class=CODE,delta=1
    33                           	psect	intcodelo,global,reloc=2,class=CODE,delta=1
    34                           	psect	intret,global,reloc=2,class=CODE,delta=1
    35                           	psect	intentry,global,reloc=2,class=CODE,delta=1
    36                           	psect	intsave_regs,global,class=BIGRAM,space=1,delta=1
    37                           	psect	eeprom_data,global,class=EEDATA,delta=1,noexec
    38                           	psect	ramtop,global,class=RAM,delta=1,noexec
    39                           	psect	stack,global,class=STACK,space=2,delta=1,noexec
    40                           	psect	heap,global,class=HEAP,space=7,delta=1,noexec
    41                           	psect	comram,global,class=COMRAM,space=1,delta=1
    42                           	psect	abs1,global,class=ABS1,space=1,delta=1
    43                           	psect	bigram,global,class=BIGRAM,space=1,delta=1
    44                           	psect	ram,global,class=RAM,space=1,delta=1
    45                           	psect	bank0,global,class=BANK0,space=1,delta=1
    46                           	psect	bank1,global,class=BANK1,space=1,delta=1
    47                           	psect	bank2,global,class=BANK2,space=1,delta=1
    48                           	psect	bank3,global,class=BANK3,space=1,delta=1
    49                           	psect	bank4,global,class=BANK4,space=1,delta=1
    50                           	psect	bank5,global,class=BANK5,space=1,delta=1
    51                           	psect	bank6,global,class=BANK6,space=1,delta=1
    52                           	psect	bank7,global,class=BANK7,space=1,delta=1
    53                           	psect	bank8,global,class=BANK8,space=1,delta=1
    54                           	psect	bank9,global,class=BANK9,space=1,delta=1
    55                           	psect	bank10,global,class=BANK10,space=1,delta=1
    56                           	psect	bank11,global,class=BANK11,space=1,delta=1
    57                           	psect	bank12,global,class=BANK12,space=1,delta=1
    58                           	psect	bank13,global,class=BANK13,space=1,delta=1
    59                           	psect	bank14,global,class=BANK14,space=1,delta=1
    60                           	psect	bank15,global,class=BANK15,space=1,delta=1
    61                           	psect	sfr,global,class=SFR,space=1,delta=1
    62                           	psect	bigsfr,global,class=BIGSFR,space=1,delta=1
    63                           
    64                           ; Microchip MPLAB XC8 C Compiler V2.45
    65                           ; Copyright (C) 2023 Microchip Technology Inc.
    66                           ; Auto-generated runtime startup code for final link stage.
    67                           ;
    68                           ; Compiler options:
    69                           ;
    70                           ; -q --opt=none --chip=18f87k22 \
    71                           ; -Mdist/default/production/projekat.X.production.map \
    72                           ; -DXPRJ_default=default -L--defsym=__MPLAB_BUILD=1 \
    73                           ; --dfp=C:/Program Files/Microchip/MPLABX/v6.15/packs/Microchip/PIC18F-K_DFP/1.11.281/xc8 \
    74                           ; --opt=+asmfile --addrqual=ignore -P --warn=-3 --asmlist --std=c99 \
    75                           ; --output=+elf:multilocs --stack=compiled:auto:auto:auto \
    76                           ; --summary=+xml --summarydir=dist/default/production/memoryfile.xml \
    77                           ; -oprojekat.X.production.elf --objdir=dist/default/production \
    78                           ; --outdir=dist/default/production \
    79                           ; build/default/production/mcc_generated_files/mcc.p1 \
    80                           ; build/default/production/mcc_generated_files/interrupt_manager.p1 \
    81                           ; build/default/production/mcc_generated_files/pin_manager.p1 \
    82                           ; build/default/production/mcc_generated_files/tmr5.p1 \
    83                           ; build/default/production/mcc_generated_files/adc.p1 \
    84                           ; build/default/production/mcc_generated_files/tmr0.p1 \
    85                           ; build/default/production/mcc_generated_files/device_config.p1 \
    86                           ; build/default/production/mcc_generated_files/eusart1.p1 \
    87                           ; build/default/production/main.p1 -L--fixupoverflow=error \
    88                           ; --callgraph=none --errformat=%f:%l:%c: error: (%n) %s \
    89                           ; --warnformat=%f:%l:%c: warning: (%n) %s \
    90                           ; --msgformat=%f:%l:%c: advisory: (%n) %s
    91                           ;
    92   000000                     
    93                           ; Generated 21/07/2023 GMT
    94                           ; 
    95                           ; Copyright © 2023, Microchip Technology Inc. and its subsidiaries ("Microchip")
    96                           ; All rights reserved.
    97                           ; 
    98                           ; This software is developed by Microchip Technology Inc. and its subsidiaries ("Microchip").
    99                           ; 
   100                           ; Redistribution and use in source and binary forms, with or without modification, are
   101                           ; permitted provided that the following conditions are met:
   102                           ; 
   103                           ;     1. Redistributions of source code must retain the above copyright notice, this list of
   104                           ;        conditions and the following disclaimer.
   105                           ; 
   106                           ;     2. Redistributions in binary form must reproduce the above copyright notice, this list
   107                           ;        of conditions and the following disclaimer in the documentation and/or other
   108                           ;        materials provided with the distribution. Publication is not required when
   109                           ;        this file is used in an embedded application.
   110                           ; 
   111                           ;     3. Microchip's name may not be used to endorse or promote products derived from this
   112                           ;        software without specific prior written permission.
   113                           ; 
   114                           ; THIS SOFTWARE IS PROVIDED BY MICROCHIP "AS IS" AND ANY EXPRESS OR IMPLIED WARRANTIES,
   115                           ; INCLUDING, BUT NOT LIMITED TO, THE IMPLIED WARRANTIES OF MERCHANTABILITY AND FITNESS FOR
   116                           ; PURPOSE ARE DISCLAIMED.  IN NO EVENT SHALL MICROCHIP BE LIABLE FOR ANY DIRECT, INDIRECT,
   117                           ; INCIDENTAL, SPECIAL, EXEMPLARY, OR CONSEQUENTIAL DAMAGES (INCLUDING BUT NOT LIMITED TO
   118                           ; PROCUREMENT OF SUBSTITUTE GOODS OR SERVICES; LOSS OF USE, DATA OR PROFITS; OR BUSINESS
   119                           ; INTERRUPTION) HOWSOEVER CAUSED AND ON ANY THEORY OF LIABILITY, WHETHER IN CONTRACT, STRICT
   120                           ; LIABILITY, OR TORT (INCLUDING NEGLIGENCE OR OTHERWISE) ARISING IN ANY WAY OUT OF THE USE OF
   121                           ; THIS SOFTWARE, EVEN IF ADVISED OF THE POSSIBILITY OF SUCH DAMAGE.
   122                           ; 
   123                           ; 
   124                           ; Code-generator required, PIC18F87K22 Definitions
   125                           ; 
   126                           ; SFR Addresses
   127   000000                     
   128                           	psect	smallconst
   129   001000                     __smallconst:
   130                           	callstack 0
   131                           
   132                           	psect	mediumconst
   133   000000                     __mediumconst:
   134                           	callstack 0	; top of RAM usage
   135                           
   136                           	psect	reset_vec
   137   000000                     
   138                           ; No powerup routine
   139                           ; jump to start
   140   000000  EF3A  F000         	goto	start
   141   000000                     
   142                           ;Initialize the stack pointer (FSR1)
   143   000000                     
   144                           	psect	init
   145   000074                     start:
   146                           	callstack 0
   147   000074  EF67  F013         	goto	start_initialization	;jump to C runtime clear & initialization
   148                           
   149                           	psect	text
   150   000000                     intlevel0:
   151                           	callstack 0
   152   000000                     intlevel1:
   153                           	callstack 0
   154   000000                     intlevel2:
   155                           	callstack 0
   156   000000                     intlevel3:
   157                           	callstack 0
   158                           
   159                           	psect	ramtop
   160   001000                     __ramtop:
   161                           	callstack 0
   162                           
   163                           	psect	stack
   164   000000                     ___sp:
   165                           	callstack 0
   166   000000                     ___inthi_sp:
   167                           	callstack 0
   168   000000                     ___intlo_sp:
   169                           	callstack 0
   170   000000                     ___stack_lo:
   171                           	callstack 0
   172   000000                     ___stack_hi:
   173                           	callstack 0
   174   000000                     ___inthi_stack_lo:
   175                           	callstack 0
   176   000000                     ___inthi_stack_hi:
   177                           	callstack 0
   178   000000                     ___intlo_stack_lo:
   179                           	callstack 0
   180   000000                     ___intlo_stack_hi:
   181                           	callstack 0
   182                           
   183                           ; No heap to be allocated
   184                           
   185                           	psect	heap
   186   000000                     tosu	equ	0xFFF
   187                           tosh	equ	0xFFE
   188                           tosl	equ	0xFFD
   189                           stkptr	equ	0xFFC
   190                           pclatu	equ	0xFFB
   191                           pclath	equ	0xFFA
   192                           pcl	equ	0xFF9
   193                           tblptru	equ	0xFF8
   194                           tblptrh	equ	0xFF7
   195                           tblptrl	equ	0xFF6
   196                           tablat	equ	0xFF5
   197                           prodh	equ	0xFF4
   198                           prodl	equ	0xFF3
   199                           indf0	equ	0xFEF
   200                           postinc0	equ	0xFEE
   201                           postdec0	equ	0xFED
   202                           preinc0	equ	0xFEC
   203                           plusw0	equ	0xFEB
   204                           fsr0h	equ	0xFEA
   205                           fsr0l	equ	0xFE9
   206                           wreg	equ	0xFE8
   207                           indf1	equ	0xFE7
   208                           postinc1	equ	0xFE6
   209                           postdec1	equ	0xFE5
   210                           preinc1	equ	0xFE4
   211                           plusw1	equ	0xFE3
   212                           fsr1h	equ	0xFE2
   213                           fsr1l	equ	0xFE1
   214                           bsr	equ	0xFE0
   215                           indf2	equ	0xFDF
   216                           postinc2	equ	0xFDE
   217                           postdec2	equ	0xFDD
   218                           preinc2	equ	0xFDC
   219                           plusw2	equ	0xFDB
   220                           fsr2h	equ	0xFDA
   221                           fsr2l	equ	0xFD9
   222                           status	equ	0xFD8


Microchip Technology PIC18 Macro Assembler V2.45 build 20230818022343 
Symbol Table                                                                                               Wed Feb 21 10:51:18 2024

                __S1 0E81                 ___sp 0000                 _main 2356                 start 0074  
              __HRAM 0000                __LRAM 0001        ___extmem_base 20000               isa$std 0001  
   ___inthi_stack_hi 0000     ___inthi_stack_lo 0000         __mediumconst 0000               stackhi 0000  
             stacklo 0000           __accesstop 0060           ___inthi_sp 0000           ___intlo_sp 0000  
         ___stack_hi 0000           ___stack_lo 0000     ___intlo_stack_hi 0000     ___intlo_stack_lo 0000  
            __ramtop 1000  start_initialization 26CE            ___heap_hi 0000            ___heap_lo 0000  
        __smallconst 1000             isa$xinst 0000             intlevel0 0000             intlevel1 0000  
           intlevel2 0000             intlevel3 0000             reset_vec 0000  
